<?xml version="1.0" encoding="UTF-8"?>
<!-- Generated by org.testng.reporters.JUnitXMLReporter -->
<testsuite hostname="DESKTOP-DQP89MF" name="Command line test" tests="3" failures="0" timestamp="22 Sep 2017 18:13:04 GMT" time="0.018" errors="0">
  <testcase name="firstTest" time="0.002" classname="FirstTestNGexample.GroupTest"/>
  <testcase name="secondTest" time="0.001" classname="FirstTestNGexample.GroupTest"/>
  <testcase name="firstTest" time="0.0" classname="FirstTestNGexample.TestNGDemo"/>
</testsuite> <!-- Command line test -->
