<?xml version="1.0" encoding="UTF-8"?>
<testng-results skipped="0" failed="0" total="2" passed="2">
  <reporter-output>
  </reporter-output>
  <suite name="Suite" duration-ms="0" started-at="2017-09-22T17:22:41Z" finished-at="2017-09-22T17:22:41Z">
    <groups>
    </groups>
    <test name="Test" duration-ms="0" started-at="2017-09-22T17:22:41Z" finished-at="2017-09-22T17:22:41Z">
      <class name="FirstTestNGexample.Seconddemo">
        <test-method status="PASS" signature="firstTest()[pri:0, instance:FirstTestNGexample.Seconddemo@2752f6e2]" name="firstTest" duration-ms="0" started-at="2017-09-22T13:22:41Z" depends-on-methods="FirstTestNGexample.Seconddemo.secondTest" finished-at="2017-09-22T13:22:41Z">
          <reporter-output>
          </reporter-output>
        </test-method> <!-- firstTest -->
        <test-method status="PASS" signature="secondTest()[pri:0, instance:FirstTestNGexample.Seconddemo@2752f6e2]" name="secondTest" duration-ms="0" started-at="2017-09-22T13:22:41Z" finished-at="2017-09-22T13:22:41Z">
          <reporter-output>
          </reporter-output>
        </test-method> <!-- secondTest -->
      </class> <!-- FirstTestNGexample.Seconddemo -->
    </test> <!-- Test -->
  </suite> <!-- Suite -->
</testng-results>
